<?xml version="1.0" encoding="UTF-8"?>
<coverage generated="1781717675034" clover="3.2.0">
  <project timestamp="1781717675035" name="All files">
    <metrics statements="12" coveredstatements="12" conditionals="8" coveredconditionals="8" methods="2" coveredmethods="2" elements="22" coveredelements="22" complexity="0" loc="12" ncloc="12" packages="2" files="2" classes="2"/>
    <package name="ProyectoDockerCI.src">
      <metrics statements="6" coveredstatements="6" conditionals="4" coveredconditionals="4" methods="1" coveredmethods="1"/>
      <file name="temperatura.js" path="C:\Users\DELL\OneDrive\Documentos\Ing 4\Nueva carpeta\ProyectoDo\ProyectoDockerCI\ProyectoDockerCI\src\temperatura.js">
        <metrics statements="6" coveredstatements="6" conditionals="4" coveredconditionals="4" methods="1" coveredmethods="1"/>
        <line num="2" count="3" type="cond" truecount="2" falsecount="0"/>
        <line num="3" count="1" type="stmt"/>
        <line num="6" count="2" type="cond" truecount="2" falsecount="0"/>
        <line num="7" count="1" type="stmt"/>
        <line num="10" count="1" type="stmt"/>
        <line num="13" count="1" type="stmt"/>
      </file>
    </package>
    <package name="src">
      <metrics statements="6" coveredstatements="6" conditionals="4" coveredconditionals="4" methods="1" coveredmethods="1"/>
      <file name="temperatura.js" path="C:\Users\DELL\OneDrive\Documentos\Ing 4\Nueva carpeta\ProyectoDo\ProyectoDockerCI\src\temperatura.js">
        <metrics statements="6" coveredstatements="6" conditionals="4" coveredconditionals="4" methods="1" coveredmethods="1"/>
        <line num="2" count="3" type="cond" truecount="2" falsecount="0"/>
        <line num="3" count="1" type="stmt"/>
        <line num="6" count="2" type="cond" truecount="2" falsecount="0"/>
        <line num="7" count="1" type="stmt"/>
        <line num="10" count="1" type="stmt"/>
        <line num="13" count="1" type="stmt"/>
      </file>
    </package>
  </project>
</coverage>
